box-tv/android-app/app/build/intermediates/manifest_merge_blame_file/debug/manifest-merger-blame-debug-report.txt
1<?xml version="1.0" encoding="utf-8"?>
2<manifest xmlns:android="http://schemas.android.com/apk/res/android"
3    package="com.radioindoor.app"
4    android:versionCode="1"
5    android:versionName="1.0.0" >
6
7    <uses-sdk
8        android:minSdkVersion="23"
9        android:targetSdkVersion="34" />
10
11    <!-- Permissões obrigatórias -->
12    <uses-permission android:name="android.permission.INTERNET" />
12-->src\main\AndroidManifest.xml:6:5-67
12-->src\main\AndroidManifest.xml:6:22-64
13    <uses-permission android:name="android.permission.ACCESS_NETWORK_STATE" />
13-->src\main\AndroidManifest.xml:7:5-79
13-->src\main\AndroidManifest.xml:7:22-76
14    <uses-permission android:name="android.permission.RECEIVE_BOOT_COMPLETED" />
14-->src\main\AndroidManifest.xml:8:5-81
14-->src\main\AndroidManifest.xml:8:22-78
15    <uses-permission android:name="android.permission.WAKE_LOCK" />
15-->src\main\AndroidManifest.xml:9:5-68
15-->src\main\AndroidManifest.xml:9:22-65
16    <uses-permission android:name="android.permission.FOREGROUND_SERVICE" />
16-->src\main\AndroidManifest.xml:10:5-77
16-->src\main\AndroidManifest.xml:10:22-74
17    <uses-permission android:name="android.permission.FOREGROUND_SERVICE_MEDIA_PLAYBACK" />
17-->src\main\AndroidManifest.xml:11:5-92
17-->src\main\AndroidManifest.xml:11:22-89
18    <uses-permission android:name="android.permission.FOREGROUND_SERVICE_SPECIAL_USE" />
18-->src\main\AndroidManifest.xml:12:5-89
18-->src\main\AndroidManifest.xml:12:22-86
19    <uses-permission android:name="android.permission.POST_NOTIFICATIONS" />
19-->src\main\AndroidManifest.xml:13:5-77
19-->src\main\AndroidManifest.xml:13:22-74
20
21    <!-- Permissões para OTA Update -->
22    <uses-permission android:name="android.permission.REQUEST_INSTALL_PACKAGES" />
22-->src\main\AndroidManifest.xml:16:5-83
22-->src\main\AndroidManifest.xml:16:22-80
23    <uses-permission android:name="android.permission.DOWNLOAD_WITHOUT_NOTIFICATION" />
23-->src\main\AndroidManifest.xml:17:5-88
23-->src\main\AndroidManifest.xml:17:22-85
24    <uses-permission
24-->src\main\AndroidManifest.xml:18:5-19:38
25        android:name="android.permission.WRITE_EXTERNAL_STORAGE"
25-->src\main\AndroidManifest.xml:18:22-78
26        android:maxSdkVersion="32" />
26-->src\main\AndroidManifest.xml:19:9-35
27    <uses-permission
27-->src\main\AndroidManifest.xml:20:5-21:38
28        android:name="android.permission.READ_EXTERNAL_STORAGE"
28-->src\main\AndroidManifest.xml:20:22-77
29        android:maxSdkVersion="32" />
29-->src\main\AndroidManifest.xml:21:9-35
30
31    <!-- Permissões para Controle Remoto -->
32    <uses-permission android:name="android.permission.REBOOT" />
32-->src\main\AndroidManifest.xml:24:5-65
32-->src\main\AndroidManifest.xml:24:22-62
33    <uses-permission android:name="android.permission.DEVICE_POWER" />
33-->src\main\AndroidManifest.xml:25:5-71
33-->src\main\AndroidManifest.xml:25:22-68
34    <uses-permission android:name="android.permission.MODIFY_AUDIO_SETTINGS" />
34-->src\main\AndroidManifest.xml:26:5-80
34-->src\main\AndroidManifest.xml:26:22-77
35    <uses-permission android:name="android.permission.WRITE_SETTINGS" />
35-->src\main\AndroidManifest.xml:27:5-73
35-->src\main\AndroidManifest.xml:27:22-70
36    <uses-permission android:name="android.permission.CHANGE_WIFI_STATE" />
36-->src\main\AndroidManifest.xml:28:5-76
36-->src\main\AndroidManifest.xml:28:22-73
37    <uses-permission android:name="android.permission.ACCESS_WIFI_STATE" />
37-->src\main\AndroidManifest.xml:29:5-76
37-->src\main\AndroidManifest.xml:29:22-73
38    <uses-permission android:name="android.permission.ACCESS_FINE_LOCATION" />
38-->src\main\AndroidManifest.xml:30:5-79
38-->src\main\AndroidManifest.xml:30:22-76
39    <uses-permission android:name="android.permission.ACCESS_COARSE_LOCATION" />
39-->src\main\AndroidManifest.xml:31:5-81
39-->src\main\AndroidManifest.xml:31:22-78
40    <uses-permission android:name="android.permission.BLUETOOTH" />
40-->src\main\AndroidManifest.xml:32:5-68
40-->src\main\AndroidManifest.xml:32:22-65
41    <uses-permission android:name="android.permission.BLUETOOTH_ADMIN" />
41-->src\main\AndroidManifest.xml:33:5-74
41-->src\main\AndroidManifest.xml:33:22-71
42    <uses-permission android:name="android.permission.WRITE_SECURE_SETTINGS" />
42-->src\main\AndroidManifest.xml:34:5-80
42-->src\main\AndroidManifest.xml:34:22-77
43
44    <permission
44-->[androidx.core:core:1.12.0] AndroidManifest.xml:22:5-24:47
45        android:name="com.radioindoor.app.DYNAMIC_RECEIVER_NOT_EXPORTED_PERMISSION"
45-->[androidx.core:core:1.12.0] AndroidManifest.xml:23:9-81
46        android:protectionLevel="signature" />
46-->[androidx.core:core:1.12.0] AndroidManifest.xml:24:9-44
47
48    <uses-permission android:name="com.radioindoor.app.DYNAMIC_RECEIVER_NOT_EXPORTED_PERMISSION" />
48-->[androidx.core:core:1.12.0] AndroidManifest.xml:26:5-97
48-->[androidx.core:core:1.12.0] AndroidManifest.xml:26:22-94
49
50    <application
50-->src\main\AndroidManifest.xml:36:5-112:19
51        android:name="com.radioindoor.app.RadioIndoorApplication"
51-->src\main\AndroidManifest.xml:37:9-47
52        android:allowBackup="true"
52-->src\main\AndroidManifest.xml:38:9-35
53        android:appComponentFactory="androidx.core.app.CoreComponentFactory"
53-->[androidx.core:core:1.12.0] AndroidManifest.xml:28:18-86
54        android:debuggable="true"
55        android:extractNativeLibs="false"
56        android:icon="@mipmap/ic_launcher"
56-->src\main\AndroidManifest.xml:39:9-43
57        android:label="@string/app_name"
57-->src\main\AndroidManifest.xml:40:9-41
58        android:networkSecurityConfig="@xml/network_security_config"
58-->src\main\AndroidManifest.xml:44:9-69
59        android:roundIcon="@mipmap/ic_launcher_round"
59-->src\main\AndroidManifest.xml:41:9-54
60        android:supportsRtl="true"
60-->src\main\AndroidManifest.xml:42:9-35
61        android:testOnly="true"
62        android:theme="@style/Theme.RadioIndoor"
62-->src\main\AndroidManifest.xml:43:9-49
63        android:usesCleartextTraffic="true" >
63-->src\main\AndroidManifest.xml:45:9-44
64
65        <!-- MainActivity - Kiosk Mode -->
66        <activity
66-->src\main\AndroidManifest.xml:49:9-61:20
67            android:name="com.radioindoor.app.MainActivity"
67-->src\main\AndroidManifest.xml:50:13-41
68            android:exported="true"
68-->src\main\AndroidManifest.xml:51:13-36
69            android:launchMode="singleTask"
69-->src\main\AndroidManifest.xml:52:13-44
70            android:screenOrientation="landscape"
70-->src\main\AndroidManifest.xml:53:13-50
71            android:theme="@style/Theme.RadioIndoor.Black" >
71-->src\main\AndroidManifest.xml:54:13-59
72            <intent-filter>
72-->src\main\AndroidManifest.xml:55:13-60:29
73                <action android:name="android.intent.action.MAIN" />
73-->src\main\AndroidManifest.xml:56:17-69
73-->src\main\AndroidManifest.xml:56:25-66
74
75                <category android:name="android.intent.category.LAUNCHER" />
75-->src\main\AndroidManifest.xml:57:17-77
75-->src\main\AndroidManifest.xml:57:27-74
76                <category android:name="android.intent.category.HOME" />
76-->src\main\AndroidManifest.xml:58:17-73
76-->src\main\AndroidManifest.xml:58:27-70
77                <category android:name="android.intent.category.DEFAULT" />
77-->src\main\AndroidManifest.xml:59:17-76
77-->src\main\AndroidManifest.xml:59:27-73
78            </intent-filter>
79        </activity>
80
81        <!-- BootReceiver - Auto Start -->
82        <receiver
82-->src\main\AndroidManifest.xml:64:9-74:20
83            android:name="com.radioindoor.app.BootReceiver"
83-->src\main\AndroidManifest.xml:65:13-41
84            android:enabled="true"
84-->src\main\AndroidManifest.xml:66:13-35
85            android:exported="true"
85-->src\main\AndroidManifest.xml:67:13-36
86            android:permission="android.permission.RECEIVE_BOOT_COMPLETED" >
86-->src\main\AndroidManifest.xml:68:13-75
87            <intent-filter>
87-->src\main\AndroidManifest.xml:69:13-73:29
88                <action android:name="android.intent.action.BOOT_COMPLETED" />
88-->src\main\AndroidManifest.xml:70:17-79
88-->src\main\AndroidManifest.xml:70:25-76
89                <action android:name="android.intent.action.QUICKBOOT_POWERON" />
89-->src\main\AndroidManifest.xml:71:17-82
89-->src\main\AndroidManifest.xml:71:25-79
90
91                <category android:name="android.intent.category.DEFAULT" />
91-->src\main\AndroidManifest.xml:59:17-76
91-->src\main\AndroidManifest.xml:59:27-73
92            </intent-filter>
93        </receiver>
94
95        <!-- StreamingForegroundService -->
96        <service
96-->src\main\AndroidManifest.xml:77:9-81:61
97            android:name="com.radioindoor.app.service.StreamingForegroundService"
97-->src\main\AndroidManifest.xml:78:13-63
98            android:enabled="true"
98-->src\main\AndroidManifest.xml:79:13-35
99            android:exported="false"
99-->src\main\AndroidManifest.xml:80:13-37
100            android:foregroundServiceType="mediaPlayback" />
100-->src\main\AndroidManifest.xml:81:13-58
101
102        <!-- RemoteCommandService -->
103        <service
103-->src\main\AndroidManifest.xml:84:9-93:19
104            android:name="com.radioindoor.app.service.RemoteCommandService"
104-->src\main\AndroidManifest.xml:85:13-57
105            android:enabled="true"
105-->src\main\AndroidManifest.xml:86:13-35
106            android:exported="false"
106-->src\main\AndroidManifest.xml:87:13-37
107            android:foregroundServiceType="specialUse"
107-->src\main\AndroidManifest.xml:88:13-55
108            android:permission="android.permission.FOREGROUND_SERVICE_SPECIAL_USE" >
108-->src\main\AndroidManifest.xml:89:13-83
109            <property
109-->src\main\AndroidManifest.xml:90:13-92:50
110                android:name="android.app.PROPERTY_SPECIAL_USE_FGS_SUBTYPE"
110-->src\main\AndroidManifest.xml:91:17-76
111                android:value="remote_control" />
111-->src\main\AndroidManifest.xml:92:17-47
112        </service>
113
114        <!-- InstallResultReceiver - Para OTA Update -->
115        <receiver
115-->src\main\AndroidManifest.xml:96:9-99:40
116            android:name="com.radioindoor.app.utils.InstallResultReceiver"
116-->src\main\AndroidManifest.xml:97:13-56
117            android:enabled="true"
117-->src\main\AndroidManifest.xml:98:13-35
118            android:exported="false" />
118-->src\main\AndroidManifest.xml:99:13-37
119
120        <!-- FileProvider - Para instalação de APK (Android 7.0+) -->
121        <provider
122            android:name="androidx.core.content.FileProvider"
122-->src\main\AndroidManifest.xml:103:13-62
123            android:authorities="com.radioindoor.app.fileprovider"
123-->src\main\AndroidManifest.xml:104:13-64
124            android:exported="false"
124-->src\main\AndroidManifest.xml:105:13-37
125            android:grantUriPermissions="true" >
125-->src\main\AndroidManifest.xml:106:13-47
126            <meta-data
126-->src\main\AndroidManifest.xml:107:13-109:63
127                android:name="android.support.FILE_PROVIDER_PATHS"
127-->src\main\AndroidManifest.xml:108:17-67
128                android:resource="@xml/file_provider_paths" />
128-->src\main\AndroidManifest.xml:109:17-60
129        </provider>
130        <provider
130-->[androidx.emoji2:emoji2:1.2.0] AndroidManifest.xml:24:9-32:20
131            android:name="androidx.startup.InitializationProvider"
131-->[androidx.emoji2:emoji2:1.2.0] AndroidManifest.xml:25:13-67
132            android:authorities="com.radioindoor.app.androidx-startup"
132-->[androidx.emoji2:emoji2:1.2.0] AndroidManifest.xml:26:13-68
133            android:exported="false" >
133-->[androidx.emoji2:emoji2:1.2.0] AndroidManifest.xml:27:13-37
134            <meta-data
134-->[androidx.emoji2:emoji2:1.2.0] AndroidManifest.xml:29:13-31:52
135                android:name="androidx.emoji2.text.EmojiCompatInitializer"
135-->[androidx.emoji2:emoji2:1.2.0] AndroidManifest.xml:30:17-75
136                android:value="androidx.startup" />
136-->[androidx.emoji2:emoji2:1.2.0] AndroidManifest.xml:31:17-49
137            <meta-data
137-->[androidx.lifecycle:lifecycle-process:2.7.0] AndroidManifest.xml:29:13-31:52
138                android:name="androidx.lifecycle.ProcessLifecycleInitializer"
138-->[androidx.lifecycle:lifecycle-process:2.7.0] AndroidManifest.xml:30:17-78
139                android:value="androidx.startup" />
139-->[androidx.lifecycle:lifecycle-process:2.7.0] AndroidManifest.xml:31:17-49
140            <meta-data
140-->[androidx.profileinstaller:profileinstaller:1.3.0] AndroidManifest.xml:29:13-31:52
141                android:name="androidx.profileinstaller.ProfileInstallerInitializer"
141-->[androidx.profileinstaller:profileinstaller:1.3.0] AndroidManifest.xml:30:17-85
142                android:value="androidx.startup" />
142-->[androidx.profileinstaller:profileinstaller:1.3.0] AndroidManifest.xml:31:17-49
143        </provider>
144
145        <receiver
145-->[androidx.profileinstaller:profileinstaller:1.3.0] AndroidManifest.xml:34:9-52:20
146            android:name="androidx.profileinstaller.ProfileInstallReceiver"
146-->[androidx.profileinstaller:profileinstaller:1.3.0] AndroidManifest.xml:35:13-76
147            android:directBootAware="false"
147-->[androidx.profileinstaller:profileinstaller:1.3.0] AndroidManifest.xml:36:13-44
148            android:enabled="true"
148-->[androidx.profileinstaller:profileinstaller:1.3.0] AndroidManifest.xml:37:13-35
149            android:exported="true"
149-->[androidx.profileinstaller:profileinstaller:1.3.0] AndroidManifest.xml:38:13-36
150            android:permission="android.permission.DUMP" >
150-->[androidx.profileinstaller:profileinstaller:1.3.0] AndroidManifest.xml:39:13-57
151            <intent-filter>
151-->[androidx.profileinstaller:profileinstaller:1.3.0] AndroidManifest.xml:40:13-42:29
152                <action android:name="androidx.profileinstaller.action.INSTALL_PROFILE" />
152-->[androidx.profileinstaller:profileinstaller:1.3.0] AndroidManifest.xml:41:17-91
152-->[androidx.profileinstaller:profileinstaller:1.3.0] AndroidManifest.xml:41:25-88
153            </intent-filter>
154            <intent-filter>
154-->[androidx.profileinstaller:profileinstaller:1.3.0] AndroidManifest.xml:43:13-45:29
155                <action android:name="androidx.profileinstaller.action.SKIP_FILE" />
155-->[androidx.profileinstaller:profileinstaller:1.3.0] AndroidManifest.xml:44:17-85
155-->[androidx.profileinstaller:profileinstaller:1.3.0] AndroidManifest.xml:44:25-82
156            </intent-filter>
157            <intent-filter>
157-->[androidx.profileinstaller:profileinstaller:1.3.0] AndroidManifest.xml:46:13-48:29
158                <action android:name="androidx.profileinstaller.action.SAVE_PROFILE" />
158-->[androidx.profileinstaller:profileinstaller:1.3.0] AndroidManifest.xml:47:17-88
158-->[androidx.profileinstaller:profileinstaller:1.3.0] AndroidManifest.xml:47:25-85
159            </intent-filter>
160            <intent-filter>
160-->[androidx.profileinstaller:profileinstaller:1.3.0] AndroidManifest.xml:49:13-51:29
161                <action android:name="androidx.profileinstaller.action.BENCHMARK_OPERATION" />
161-->[androidx.profileinstaller:profileinstaller:1.3.0] AndroidManifest.xml:50:17-95
161-->[androidx.profileinstaller:profileinstaller:1.3.0] AndroidManifest.xml:50:25-92
162            </intent-filter>
163        </receiver>
164    </application>
165
166</manifest>